<?xml version="1.0" encoding="UTF-8"?>
<!-- Generated by org.testng.reporters.JUnitReportReporter -->
<testsuite hostname="AGWN-RNT-DTOP-4" failures="0" tests="1" name="Framework.FramewokProj.Homepage" time="8.848" errors="0" timestamp="2022-08-25T15:12:08 IST" skipped="0">
  <testcase classname="Framework.FramewokProj.Homepage" name="basePageNavigation" time="8.848"/>
  <system-out/>
</testsuite> <!-- Framework.FramewokProj.Homepage -->
