<?xml version="1.0" encoding="UTF-8"?>
<!-- Generated by org.testng.reporters.JUnitReportReporter -->
<testsuite hostname="AGWN-RNT-DTOP-4" failures="0" tests="1" name="Framework.FramewokProj.AppTest" time="0.005" errors="0" timestamp="2022-08-16T19:38:15 IST" skipped="0">
  <testcase classname="Framework.FramewokProj.AppTest" name="shouldAnswerWithTrue" time="0.005"/>
  <system-out/>
</testsuite> <!-- Framework.FramewokProj.AppTest -->
